#
# There is insufficient memory for the Java Runtime Environment to continue.
# Native memory allocation (malloc) failed to allocate 172976 bytes for Chunk::new
# Possible reasons:
#   The system is out of physical RAM or swap space
#   In 32 bit mode, the process size limit was hit
# Possible solutions:
#   Reduce memory load on the system
#   Increase physical memory or swap space
#   Check if swap backing store is full
#   Use 64 bit Java on a 64 bit OS
#   Decrease Java heap size (-Xmx/-Xms)
#   Decrease number of Java threads
#   Decrease Java thread stack sizes (-Xss)
#   Set larger code cache with -XX:ReservedCodeCacheSize=
# This output file may be truncated or incomplete.
#
#  Out of Memory Error (allocation.cpp:390), pid=3764, tid=0x0000000000001a2c
#
# JRE version: Java(TM) SE Runtime Environment (8.0_161-b12) (build 1.8.0_161-b12)
# Java VM: Java HotSpot(TM) 64-Bit Server VM (25.161-b12 mixed mode windows-amd64 compressed oops)
# Failed to write core dump. Minidumps are not enabled by default on client versions of Windows
#

---------------  T H R E A D  ---------------

Current thread (0x000000001e96f000):  JavaThread "C2 CompilerThread1" daemon [_thread_in_native, id=6700, stack(0x000000001f130000,0x000000001f230000)]

Stack: [0x000000001f130000,0x000000001f230000]
[error occurred during error reporting (printing stack bounds), id 0xc0000005]

Native frames: (J=compiled Java code, j=interpreted, Vv=VM code, C=native code)


Current CompileTask:
C2:   2670 1927       4       org.apache.maven.model.interpolation.StringSearchModelInterpolator$InterpolateObjectAction::traverseObjectWithParents (49 bytes)


---------------  P R O C E S S  ---------------

Java Threads: ( => current thread )
  0x000000001ea4b000 JavaThread "Service Thread" daemon [_thread_blocked, id=4708, stack(0x000000001f430000,0x000000001f530000)]
  0x000000001e9bd800 JavaThread "C1 CompilerThread3" daemon [_thread_blocked, id=4572, stack(0x000000001f330000,0x000000001f430000)]
  0x000000001e971800 JavaThread "C2 CompilerThread2" daemon [_thread_blocked, id=11088, stack(0x000000001f230000,0x000000001f330000)]
=>0x000000001e96f000 JavaThread "C2 CompilerThread1" daemon [_thread_in_native, id=6700, stack(0x000000001f130000,0x000000001f230000)]
  0x000000001e96c800 JavaThread "C2 CompilerThread0" daemon [_thread_blocked, id=18860, stack(0x000000001f030000,0x000000001f130000)]
  0x000000001e969800 JavaThread "Attach Listener" daemon [_thread_blocked, id=23832, stack(0x000000001ef30000,0x000000001f030000)]
  0x000000001e9b6800 JavaThread "Signal Dispatcher" daemon [_thread_blocked, id=11376, stack(0x000000001ee30000,0x000000001ef30000)]
  0x0000000002f29800 JavaThread "Finalizer" daemon [_thread_blocked, id=18288, stack(0x000000001ed30000,0x000000001ee30000)]
  0x0000000002f28000 JavaThread "Reference Handler" daemon [_thread_blocked, id=19328, stack(0x000000001e830000,0x000000001e930000)]
  0x0000000002e33000 JavaThread "main" [_thread_blocked, id=23852, stack(0x0000000002900000,0x0000000002a00000)]

Other Threads:
  0x000000001ca27800 VMThread [stack: 0x000000001e730000,0x000000001e830000] [id=1848]
  0x000000001ea70000 WatcherThread [stack: 0x000000001f530000,0x000000001f630000] [id=3348]

VM state:at safepoint (normal execution)

VM Mutex/Monitor currently owned by a thread:  ([mutex/lock_event])
[0x000000000112e3e0] Threads_lock - owner thread: 0x000000001ca27800
[0x000000000112e5e0] Heap_lock - owner thread: 0x0000000002e33000

Heap:
 PSYoungGen      total 141824K, used 8725K [0x000000076ab80000, 0x0000000774080000, 0x00000007c0000000)
  eden space 131072K, 0% used [0x000000076ab80000,0x000000076ab80000,0x0000000772b80000)
  from space 10752K, 81% used [0x0000000773600000,0x0000000773e85408,0x0000000774080000)
  to   space 10752K, 0% used [0x0000000772b80000,0x0000000772b80000,0x0000000773600000)
 ParOldGen       total 175104K, used 24K [0x00000006c0200000, 0x00000006cad00000, 0x000000076ab80000)
  object space 175104K, 0% used [0x00000006c0200000,0x00000006c0206000,0x00000006cad00000)
 Metaspace       used 15736K, capacity 15950K, committed 16128K, reserved 1067008K
  class space    used 1901K, capacity 1975K, committed 2048K, reserved 1048576K

Card table byte_map: [0x00000000122f0000,0x0000000012af0000] byte_map_base: 0x000000000ecef000

Marking Bits: (ParMarkBitMap*) 0x00000000612cf860
 Begin Bits: [0x0000000013850000, 0x0000000017848000)
 End Bits:   [0x0000000017848000, 0x000000001b840000)

Polling page: 0x00000000007f0000

CodeCache: size=245760Kb used=6958Kb max_used=6966Kb free=238801Kb
 bounds [0x0000000002f30000, 0x0000000003610000, 0x0000000011f30000]
 total_blobs=2301 nmethods=1939 adapters=275
 compilation: enabled

Compilation events (10 events):
Event: 2.602 Thread 0x000000001e9bd800 1944       3       com.google.inject.internal.InjectorImpl::getProviderOrThrow (44 bytes)
Event: 2.603 Thread 0x000000001e9bd800 nmethod 1944 0x00000000035fc010 code [0x00000000035fc1c0, 0x00000000035fc8b8]
Event: 2.607 Thread 0x000000001e971800 nmethod 1928 0x0000000003600890 code [0x0000000003600b00, 0x0000000003601bc0]
Event: 2.608 Thread 0x000000001e971800 1935 %     4       sun.nio.cs.UTF_8$Decoder::decode @ 20 (779 bytes)
Event: 2.625 Thread 0x000000001e9bd800 1947       3       sun.security.util.ObjectIdentifier::pack7Oid (84 bytes)
Event: 2.625 Thread 0x000000001e9bd800 nmethod 1947 0x0000000003600190 code [0x0000000003600320, 0x00000000036006b8]
Event: 2.625 Thread 0x000000001e9bd800 1946       3       sun.security.util.ObjectIdentifier::pack7Oid (42 bytes)
Event: 2.625 Thread 0x000000001e9bd800 nmethod 1946 0x00000000035ffd50 code [0x00000000035ffec0, 0x00000000036000e8]
Event: 2.625 Thread 0x000000001e9bd800 1948       3       sun.security.util.ObjectIdentifier::checkOtherComponent (39 bytes)
Event: 2.626 Thread 0x000000001e9bd800 nmethod 1948 0x00000000035fee10 code [0x00000000035ff000, 0x00000000035ff948]

GC Heap History (3 events):
Event: 1.599 GC heap before
{Heap before GC invocations=1 (full 0):
 PSYoungGen      total 76288K, used 65536K [0x000000076ab80000, 0x0000000770080000, 0x00000007c0000000)
  eden space 65536K, 100% used [0x000000076ab80000,0x000000076eb80000,0x000000076eb80000)
  from space 10752K, 0% used [0x000000076f600000,0x000000076f600000,0x0000000770080000)
  to   space 10752K, 0% used [0x000000076eb80000,0x000000076eb80000,0x000000076f600000)
 ParOldGen       total 175104K, used 0K [0x00000006c0200000, 0x00000006cad00000, 0x000000076ab80000)
  object space 175104K, 0% used [0x00000006c0200000,0x00000006c0200000,0x00000006cad00000)
 Metaspace       used 11206K, capacity 11438K, committed 11776K, reserved 1058816K
  class space    used 1378K, capacity 1447K, committed 1536K, reserved 1048576K
Event: 1.621 GC heap after
Heap after GC invocations=1 (full 0):
 PSYoungGen      total 76288K, used 9697K [0x000000076ab80000, 0x0000000774080000, 0x00000007c0000000)
  eden space 65536K, 0% used [0x000000076ab80000,0x000000076ab80000,0x000000076eb80000)
  from space 10752K, 90% used [0x000000076eb80000,0x000000076f4f8610,0x000000076f600000)
  to   space 10752K, 0% used [0x0000000773600000,0x0000000773600000,0x0000000774080000)
 ParOldGen       total 175104K, used 16K [0x00000006c0200000, 0x00000006cad00000, 0x000000076ab80000)
  object space 175104K, 0% used [0x00000006c0200000,0x00000006c0204000,0x00000006cad00000)
 Metaspace       used 11206K, capacity 11438K, committed 11776K, reserved 1058816K
  class space    used 1378K, capacity 1447K, committed 1536K, reserved 1048576K
}
Event: 2.628 GC heap before
{Heap before GC invocations=2 (full 0):
 PSYoungGen      total 76288K, used 52761K [0x000000076ab80000, 0x0000000774080000, 0x00000007c0000000)
  eden space 65536K, 65% used [0x000000076ab80000,0x000000076d58de00,0x000000076eb80000)
  from space 10752K, 90% used [0x000000076eb80000,0x000000076f4f8610,0x000000076f600000)
  to   space 10752K, 0% used [0x0000000773600000,0x0000000773600000,0x0000000774080000)
 ParOldGen       total 175104K, used 16K [0x00000006c0200000, 0x00000006cad00000, 0x000000076ab80000)
  object space 175104K, 0% used [0x00000006c0200000,0x00000006c0204000,0x00000006cad00000)
 Metaspace       used 15736K, capacity 15950K, committed 16128K, reserved 1067008K
  class space    used 1901K, capacity 1975K, committed 2048K, reserved 1048576K

Deoptimization events (10 events):
Event: 2.336 Thread 0x0000000002e33000 Uncommon trap: reason=unstable_if action=reinterpret pc=0x00000000031e7444 method=sun.nio.cs.UTF_8$Decoder.decodeArrayLoop(Ljava/nio/ByteBuffer;Ljava/nio/CharBuffer;)Ljava/nio/charset/CoderResult; @ 84
Event: 2.346 Thread 0x0000000002e33000 Uncommon trap: reason=class_check action=maybe_recompile pc=0x0000000003292180 method=java.util.HashMap.putVal(ILjava/lang/Object;Ljava/lang/Object;ZZ)Ljava/lang/Object; @ 203
Event: 2.374 Thread 0x0000000002e33000 Uncommon trap: reason=unstable_if action=reinterpret pc=0x000000000350cfd8 method=org.codehaus.plexus.util.xml.pull.MXParser.nextImpl()I @ 1161
Event: 2.435 Thread 0x0000000002e33000 Uncommon trap: reason=unstable_if action=reinterpret pc=0x00000000031639c4 method=sun.nio.cs.UTF_8$Decoder.decode([BII[C)I @ 30
Event: 2.459 Thread 0x0000000002e33000 Uncommon trap: reason=unstable_if action=reinterpret pc=0x00000000032dd828 method=java.util.HashMap.hash(Ljava/lang/Object;)I @ 1
Event: 2.459 Thread 0x0000000002e33000 Uncommon trap: reason=unstable_if action=reinterpret pc=0x000000000326d368 method=java.util.HashMap.hash(Ljava/lang/Object;)I @ 1
Event: 2.486 Thread 0x0000000002e33000 Uncommon trap: reason=unstable_if action=reinterpret pc=0x000000000357bd30 method=org.codehaus.plexus.util.xml.pull.MXParser.nextImpl()I @ 732
Event: 2.496 Thread 0x0000000002e33000 Uncommon trap: reason=null_check action=make_not_entrant pc=0x0000000003589dd8 method=org.apache.maven.model.io.xpp3.MavenXpp3Reader.checkFieldWithDuplicate(Lorg/codehaus/plexus/util/xml/pull/XmlPullParser;Ljava/lang/String;Ljava/lang/String;Ljava/util/Se
Event: 2.552 Thread 0x0000000002e33000 Uncommon trap: reason=unstable_if action=reinterpret pc=0x00000000033bbc9c method=java.lang.String.substring(I)Ljava/lang/String; @ 35
Event: 2.619 Thread 0x0000000002e33000 Uncommon trap: reason=unstable_if action=reinterpret pc=0x00000000031d9c24 method=java.nio.charset.CharsetDecoder.decode(Ljava/nio/ByteBuffer;Ljava/nio/CharBuffer;Z)Ljava/nio/charset/CoderResult; @ 1

Classes redefined (0 events):
No events

Internal exceptions (10 events):
Event: 2.496 Thread 0x0000000002e33000 Implicit null exception at 0x0000000003589b7b to 0x0000000003589dbd
Event: 2.589 Thread 0x0000000002e33000 Exception <a 'java/lang/NullPointerException'> (0x000000076d3bc8e0) thrown at [C:\re\workspace\8-2-build-windows-amd64-cygwin\jdk8u161\10277\hotspot\src\share\vm\interpreter\linkResolver.cpp, line 1185]
Event: 2.589 Thread 0x0000000002e33000 Exception <a 'java/lang/NullPointerException'> (0x000000076d3bcce0) thrown at [C:\re\workspace\8-2-build-windows-amd64-cygwin\jdk8u161\10277\hotspot\src\share\vm\interpreter\linkResolver.cpp, line 1185]
Event: 2.589 Thread 0x0000000002e33000 Exception <a 'java/lang/NullPointerException'> (0x000000076d3bd0e0) thrown at [C:\re\workspace\8-2-build-windows-amd64-cygwin\jdk8u161\10277\hotspot\src\share\vm\interpreter\linkResolver.cpp, line 1185]
Event: 2.594 Thread 0x0000000002e33000 Exception <a 'java/lang/NullPointerException'> (0x000000076d41c508) thrown at [C:\re\workspace\8-2-build-windows-amd64-cygwin\jdk8u161\10277\hotspot\src\share\vm\interpreter\linkResolver.cpp, line 1185]
Event: 2.594 Thread 0x0000000002e33000 Exception <a 'java/lang/NullPointerException'> (0x000000076d41c908) thrown at [C:\re\workspace\8-2-build-windows-amd64-cygwin\jdk8u161\10277\hotspot\src\share\vm\interpreter\linkResolver.cpp, line 1185]
Event: 2.594 Thread 0x0000000002e33000 Exception <a 'java/lang/NullPointerException'> (0x000000076d41cd08) thrown at [C:\re\workspace\8-2-build-windows-amd64-cygwin\jdk8u161\10277\hotspot\src\share\vm\interpreter\linkResolver.cpp, line 1185]
Event: 2.596 Thread 0x0000000002e33000 Exception <a 'java/lang/NullPointerException'> (0x000000076d4357f8) thrown at [C:\re\workspace\8-2-build-windows-amd64-cygwin\jdk8u161\10277\hotspot\src\share\vm\interpreter\linkResolver.cpp, line 1185]
Event: 2.596 Thread 0x0000000002e33000 Exception <a 'java/lang/NullPointerException'> (0x000000076d435bf8) thrown at [C:\re\workspace\8-2-build-windows-amd64-cygwin\jdk8u161\10277\hotspot\src\share\vm\interpreter\linkResolver.cpp, line 1185]
Event: 2.596 Thread 0x0000000002e33000 Exception <a 'java/lang/NullPointerException'> (0x000000076d435ff8) thrown at [C:\re\workspace\8-2-build-windows-amd64-cygwin\jdk8u161\10277\hotspot\src\share\vm\interpreter\linkResolver.cpp, line 1185]

Events (10 events):
Event: 2.626 Executing VM operation: Deoptimize
Event: 2.626 Executing VM operation: Deoptimize done
Event: 2.626 loading class sun/security/util/Cache$EqualByteArray
Event: 2.626 loading class sun/security/util/Cache$EqualByteArray done
Event: 2.627 loading class sun/security/x509/X509CertImpl
Event: 2.627 loading class sun/security/x509/X509CertImpl done
Event: 2.627 loading class sun/security/x509/X509CertInfo
Event: 2.627 loading class sun/security/x509/CertAttrSet
Event: 2.627 loading class sun/security/x509/CertAttrSet done
Event: 2.628 Executing VM operation: CollectForMetadataAllocation


Dynamic libraries:
0x00007ff76b730000 - 0x00007ff76b767000 	C:\Program Files\Java\jdk1.8.0_161\bin\java.exe
0x00007ff9be110000 - 0x00007ff9be2fd000 	C:\WINDOWS\SYSTEM32\ntdll.dll
0x00007ff9bbec0000 - 0x00007ff9bbf73000 	C:\WINDOWS\System32\KERNEL32.DLL
0x00007ff9bb070000 - 0x00007ff9bb303000 	C:\WINDOWS\System32\KERNELBASE.dll
0x00007ff9bc6b0000 - 0x00007ff9bc753000 	C:\WINDOWS\System32\ADVAPI32.dll
0x00007ff9bdd80000 - 0x00007ff9bde1e000 	C:\WINDOWS\System32\msvcrt.dll
0x00007ff9bb390000 - 0x00007ff9bb42e000 	C:\WINDOWS\System32\sechost.dll
0x00007ff9bc160000 - 0x00007ff9bc282000 	C:\WINDOWS\System32\RPCRT4.dll
0x00007ff9bc290000 - 0x00007ff9bc427000 	C:\WINDOWS\System32\USER32.dll
0x00007ff9bafa0000 - 0x00007ff9bafc0000 	C:\WINDOWS\System32\win32u.dll
0x00007ff9bde20000 - 0x00007ff9bde49000 	C:\WINDOWS\System32\GDI32.dll
0x00007ff9ba360000 - 0x00007ff9ba4fa000 	C:\WINDOWS\System32\gdi32full.dll
0x00007ff9ba5d0000 - 0x00007ff9ba670000 	C:\WINDOWS\System32\msvcp_win.dll
0x00007ff9ba260000 - 0x00007ff9ba35c000 	C:\WINDOWS\System32\ucrtbase.dll
0x00007ff9aa430000 - 0x00007ff9aa6a9000 	C:\WINDOWS\WinSxS\amd64_microsoft.windows.common-controls_6595b64144ccf1df_6.0.17763.195_none_05b436ac07203599\COMCTL32.dll
0x00007ff9bba80000 - 0x00007ff9bbdad000 	C:\WINDOWS\System32\combase.dll
0x00007ff9bafc0000 - 0x00007ff9bb03e000 	C:\WINDOWS\System32\bcryptPrimitives.dll
0x00007ff9bbe90000 - 0x00007ff9bbebe000 	C:\WINDOWS\System32\IMM32.DLL
0x0000000061350000 - 0x0000000061422000 	C:\Program Files\Java\jdk1.8.0_161\jre\bin\msvcr100.dll
0x0000000060ab0000 - 0x000000006134f000 	C:\Program Files\Java\jdk1.8.0_161\jre\bin\server\jvm.dll
0x00007ff9bbe20000 - 0x00007ff9bbe28000 	C:\WINDOWS\System32\PSAPI.DLL
0x00007ff9b8390000 - 0x00007ff9b83b4000 	C:\WINDOWS\SYSTEM32\WINMM.dll
0x00007ff9b0240000 - 0x00007ff9b024a000 	C:\WINDOWS\SYSTEM32\VERSION.dll
0x00007ff9aa210000 - 0x00007ff9aa219000 	C:\WINDOWS\SYSTEM32\WSOCK32.dll
0x00007ff9bc4d0000 - 0x00007ff9bc53d000 	C:\WINDOWS\System32\WS2_32.dll
0x00007ff9b8330000 - 0x00007ff9b835d000 	C:\WINDOWS\SYSTEM32\WINMMBASE.dll
0x00007ff9ba210000 - 0x00007ff9ba25a000 	C:\WINDOWS\System32\cfgmgr32.dll
0x0000000060aa0000 - 0x0000000060aaf000 	C:\Program Files\Java\jdk1.8.0_161\jre\bin\verify.dll
0x0000000060a70000 - 0x0000000060a99000 	C:\Program Files\Java\jdk1.8.0_161\jre\bin\java.dll
0x0000000060a50000 - 0x0000000060a66000 	C:\Program Files\Java\jdk1.8.0_161\jre\bin\zip.dll
0x00007ff9bc760000 - 0x00007ff9bdc4f000 	C:\WINDOWS\System32\SHELL32.dll
0x00007ff9bbf80000 - 0x00007ff9bc028000 	C:\WINDOWS\System32\shcore.dll
0x00007ff9ba850000 - 0x00007ff9baf9a000 	C:\WINDOWS\System32\windows.storage.dll
0x00007ff9ba0e0000 - 0x00007ff9ba104000 	C:\WINDOWS\System32\profapi.dll
0x00007ff9ba150000 - 0x00007ff9ba1ad000 	C:\WINDOWS\System32\powrprof.dll
0x00007ff9bbe30000 - 0x00007ff9bbe82000 	C:\WINDOWS\System32\shlwapi.dll
0x00007ff9ba110000 - 0x00007ff9ba121000 	C:\WINDOWS\System32\kernel.appcore.dll
0x00007ff9ba500000 - 0x00007ff9ba517000 	C:\WINDOWS\System32\cryptsp.dll
0x00007ff9b5c40000 - 0x00007ff9b5c4a000 	C:\Users\KenichiroArai\Documents\dev\work\maven\maven-3.6.0\lib\jansi-native\windows64\jansi.dll
0x0000000060a30000 - 0x0000000060a4a000 	C:\Program Files\Java\jdk1.8.0_161\jre\bin\net.dll
0x00007ff9b98c0000 - 0x00007ff9b9927000 	C:\WINDOWS\system32\mswsock.dll
0x0000000060a10000 - 0x0000000060a21000 	C:\Program Files\Java\jdk1.8.0_161\jre\bin\nio.dll

VM Arguments:
jvm_args: -Dclassworlds.conf=C:\Users\KenichiroArai\Documents\dev\work\maven\maven-3.6.0\bin\..\bin\m2.conf -Dmaven.home=C:\Users\KenichiroArai\Documents\dev\work\maven\maven-3.6.0\bin\.. -Dlibrary.jansi.path=C:\Users\KenichiroArai\Documents\dev\work\maven\maven-3.6.0\bin\..\lib\jansi-native -Dmaven.multiModuleProjectDirectory=C:\Users\KenichiroArai\wk\github\Seasar2SampleConsole 
java_command: org.codehaus.plexus.classworlds.launcher.Launcher clean install
java_class_path (initial): C:\Users\KenichiroArai\Documents\dev\work\maven\maven-3.6.0\bin\..\boot\plexus-classworlds-2.5.2.jar
Launcher Type: SUN_STANDARD

Environment Variables:
JAVA_HOME=C:\Program Files\Java\jdk1.8.0_161
CLASSPATH=.;C:\Program Files (x86)\Java\jre1.8.0_151\lib\ext\QTJava.zip
PATH=C:/pleiades/eclipse/jre/bin/../jre/bin/server;C:/pleiades/eclipse/jre/bin/../jre/bin;C:/pleiades/eclipse/jre/bin/../jre/lib/amd64;C:\Program Files (x86)\Common Files\Oracle\Java\javapath;C:\pleiades\tomcat\7\bin;C:\Program Files\Java\jdk1.8.0_161\bin;C:\pleiades\ant\1.9.9\bin;C:\ProgramData\Oracle\Java\javapath;C:\WINDOWS\system32;C:\WINDOWS;C:\WINDOWS\System32\Wbem;C:\WINDOWS\System32\WindowsPowerShell\v1.0\;C:\PROGRA~1\JPKI;C:\Program Files (x86)\Common Files\Sony Shared\FeliCaLibrary;C:\Program Files\Common Files\Sony Shared\FeliCaLibrary;C:\Program Files (x86)\Common Files\Sony Shared\FeliCaNFCLibrary;C:\Program Files\Common Files\Sony Shared\FeliCaNFCLibrary;C:\Program Files\Microsoft SQL Server\120\DTS\Binn\;C:\Program Files\Microsoft SQL Server\Client SDK\ODBC\110\Tools\Binn\;C:\Program Files (x86)\Microsoft SQL Server\120\Tools\Binn\;C:\Program Files\Microsoft SQL Server\120\Tools\Binn\;C:\Program Files (x86)\Microsoft SQL Server\120\Tools\Binn\ManagementStudio\;C:\Program Files (x86)\Microsoft SQL Server\120\DTS\Binn\;C:\Program Files (x86)\QuickTime\QTSystem\;C:\Program Files (x86)\ATI Technologies\ATI.ACE\Core-Static;C:\WINDOWS\System32\OpenSSH\;C:\Users\KenichiroArai\AppData\Local\Microsoft\WindowsApps;C:\Users\KenichiroArai\Documents\dev\work\maven\maven-3.6.0\bin;;C:\pleiades\eclipse;
USERNAME=KenichiroArai
OS=Windows_NT
PROCESSOR_IDENTIFIER=Intel64 Family 6 Model 30 Stepping 5, GenuineIntel



---------------  S Y S T E M  ---------------

OS: Windows 10.0 , 64 bit Build 17763 (10.0.17763.1)

CPU:total 8 (initial active 8) (4 cores per cpu, 2 threads per core) family 6 model 30 stepping 5, cmov, cx8, fxsr, mmx, sse, sse2, sse3, ssse3, sse4.1, sse4.2, popcnt, ht, tsc, tscinvbit

Memory: 4k page, physical 16766948k(1943796k free), swap 16766948k(69444k free)

vm_info: Java HotSpot(TM) 64-Bit Server VM (25.161-b12) for windows-amd64 JRE (1.8.0_161-b12), built on Dec 19 2017 17:52:25 by "java_re" with MS VC++ 10.0 (VS2010)

time: Sat Jan 12 20:46:30 2019
elapsed time: 2 seconds (0d 0h 0m 2s)

